Copyright 1986-2022 Xilinx, Inc. All Rights Reserved. Copyright 2022-2023 Advanced Micro Devices, Inc. All Rights Reserved.
---------------------------------------------------------------------------------------------------------------------------------------------
| Tool Version : Vivado v.2023.2 (win64) Build 4029153 Fri Oct 13 20:14:34 MDT 2023
| Date         : Sat Mar 15 01:17:47 2025
| Host         : Ibukun running 64-bit major release  (build 9200)
| Command      : report_control_sets -verbose -file button_counter_control_sets_placed.rpt
| Design       : button_counter
| Device       : xc7a100t
---------------------------------------------------------------------------------------------------------------------------------------------

Control Set Information

Table of Contents
-----------------
1. Summary
2. Histogram
3. Flip-Flop Distribution
4. Detailed Control Set Information

1. Summary
----------

+----------------------------------------------------------+-------+
|                          Status                          | Count |
+----------------------------------------------------------+-------+
| Total control sets                                       |     5 |
|    Minimum number of control sets                        |     5 |
|    Addition due to synthesis replication                 |     0 |
|    Addition due to physical synthesis replication        |     0 |
| Unused register locations in slices containing registers |    26 |
+----------------------------------------------------------+-------+
* Control sets can be merged at opt_design using control_set_merge or merge_equivalent_drivers
** Run report_qor_suggestions for automated merging and remapping suggestions


2. Histogram
------------

+--------------------+-------+
|       Fanout       | Count |
+--------------------+-------+
| Total control sets |     5 |
| >= 0 to < 4        |     2 |
| >= 4 to < 6        |     1 |
| >= 6 to < 8        |     0 |
| >= 8 to < 10       |     0 |
| >= 10 to < 12      |     0 |
| >= 12 to < 14      |     0 |
| >= 14 to < 16      |     0 |
| >= 16              |     2 |
+--------------------+-------+
* Control sets can be remapped at either synth_design or opt_design


3. Flip-Flop Distribution
-------------------------

+--------------+-----------------------+------------------------+-----------------+--------------+
| Clock Enable | Synchronous Set/Reset | Asynchronous Set/Reset | Total Registers | Total Slices |
+--------------+-----------------------+------------------------+-----------------+--------------+
| No           | No                    | No                     |               0 |            0 |
| No           | No                    | Yes                    |               0 |            0 |
| No           | Yes                   | No                     |              40 |           10 |
| Yes          | No                    | No                     |               2 |            2 |
| Yes          | No                    | Yes                    |               0 |            0 |
| Yes          | Yes                   | No                     |               4 |            1 |
+--------------+-----------------------+------------------------+-----------------+--------------+


4. Detailed Control Set Information
-----------------------------------

+----------------+--------------------------------------+----------------------------------+------------------+----------------+--------------+
|  Clock Signal  |             Enable Signal            |         Set/Reset Signal         | Slice Load Count | Bel Load Count | Bels / Slice |
+----------------+--------------------------------------+----------------------------------+------------------+----------------+--------------+
|  clk_IBUF_BUFG | debounce_inc/button_state_i_1_n_0    |                                  |                1 |              1 |         1.00 |
|  clk_IBUF_BUFG | debounce_rst/button_state_i_1__0_n_0 |                                  |                1 |              1 |         1.00 |
|  clk_IBUF_BUFG | debounce_inc/E[0]                    | debounce_rst/SR[0]               |                1 |              4 |         4.00 |
|  clk_IBUF_BUFG |                                      | debounce_inc/count[0]_i_1_n_0    |                5 |             20 |         4.00 |
|  clk_IBUF_BUFG |                                      | debounce_rst/count[0]_i_1__0_n_0 |                5 |             20 |         4.00 |
+----------------+--------------------------------------+----------------------------------+------------------+----------------+--------------+


